<?xml version="1.0" encoding="UTF-8"?>
<!-- Generated by org.testng.reporters.JUnitReportReporter -->
<testsuite skipped="0" hostname="FINCASH-TECH6" name="login.TC001_VerifyLoginWithInvalidCredential" tests="1" failures="0" timestamp="04 Dec 2017 07:09:00 GMT" time="6.536" errors="0">
  <testcase name="verifyLoginWithInValidCredential" time="6.536" classname="login.TC001_VerifyLoginWithInvalidCredential"/>
</testsuite> <!-- login.TC001_VerifyLoginWithInvalidCredential -->
