<?xml version="1.0" encoding="UTF-8"?>
<!-- Generated by org.testng.reporters.JUnitReportReporter -->
<testsuite skipped="0" hostname="FINCASH-TECH6" name="login.TC002_VerifyLoginWithValidCredential" tests="1" failures="0" timestamp="04 Dec 2017 07:09:00 GMT" time="6.497" errors="0">
  <testcase name="verifyLoginWithInValidCredential" time="6.497" classname="login.TC002_VerifyLoginWithValidCredential"/>
</testsuite> <!-- login.TC002_VerifyLoginWithValidCredential -->
